[CLIENT] Pornire DHCP handshake...
[CLIENT] DISCOVER trimis
[CLIENT] OFFER primit: IP=192.168.1.12 Lease=600
[CLIENT] REQUEST trimis
[SIMULARE] ACK pierdut/ignorat. Astept retransmisie sau timeout...
[CLIENT] Timeout asteptare ACK. Retrimit REQUEST...
[SIMULARE] ACK pierdut/ignorat. Astept retransmisie sau timeout...
[CLIENT] Timeout asteptare ACK. Retrimit REQUEST...
[SIMULARE] ACK pierdut/ignorat. Astept retransmisie sau timeout...
[CLIENT] Timeout asteptare ACK. Retrimit REQUEST...
[CLIENT] ACK primit. IP Confirmat: 192.168.1.12

[CLIENT-Input] Comenzi disponibile: status, release, exit
[CLIENT-Logger] Copil (PID 177950) a pornit. Monitorizeaza timpul de leasing...
[CLIENT-Logger] Half-time lease a expirat! Trimitem RENEW request...

[SIMULARE] Pachet pierdut/ignorat (Risc eroare 20%)!

[CLIENT] Intrerupere (Signal 2)...
[CLIENT] DHCP RELEASE trimis pentru IP 192.168.1.12
[CLIENT] Pornire DHCP handshake...
[CLIENT] DISCOVER trimis
[CLIENT] OFFER primit: IP=192.168.1.12 Lease=600
[CLIENT] REQUEST trimis
[SIMULARE] ACK pierdut/ignorat. Astept retransmisie sau timeout...
[CLIENT] Timeout asteptare ACK. Retrimit REQUEST...
[SIMULARE] ACK pierdut/ignorat. Astept retransmisie sau timeout...
[CLIENT] Timeout asteptare ACK. Retrimit REQUEST...
[SIMULARE] ACK pierdut/ignorat. Astept retransmisie sau timeout...
[CLIENT] Timeout asteptare ACK. Retrimit REQUEST...
[CLIENT] ACK primit. IP Confirmat: 192.168.1.12
